<?xml version="1.0" encoding="UTF-8"?>
<!-- Generated by org.testng.reporters.JUnitReportReporter -->
<testsuite hostname="DESKTOP-FOGQMIV" failures="0" tests="3" name="com.app.uiTest.UITestExample" time="11.581" errors="0" timestamp="2022-07-30T22:49:58 EDT" skipped="0">
  <testcase classname="com.app.uiTest.UITestExample" name="submitbuttondisabled" time="1.609"/>
  <system-out/>
  <testcase classname="com.app.uiTest.UITestExample" name="clickSubmitButtonWithValues" time="8.398"/>
  <system-out/>
  <testcase classname="com.app.uiTest.UITestExample" name="featuresareimportant" time="1.574"/>
  <system-out/>
</testsuite> <!-- com.app.uiTest.UITestExample -->
